# JRE version: Java(TM) SE Runtime Environment (21.0.6+8) (build 21.0.6+8-LTS-188)
# Java VM: Java HotSpot(TM) 64-Bit Server VM (21.0.6+8-LTS-188, mixed mode, sharing, tiered, compressed oops, compressed class ptrs, g1 gc, windows-amd64)
GC Precious Log:
 CardTable entry size: 512
 Card Set container configuration: InlinePtr #cards 4 size 8 Array Of Cards #cards 16 size 48 Howl #buckets 8 coarsen threshold 3686 Howl Bitmap #cards 512 size 80 coarsen threshold 460 Card regions per heap region 1 cards per card region 4096
 CPUs: 12 total, 12 available
 Memory: 15752M
 Large Page Support: Disabled
 NUMA Support: Disabled
 Compressed Oops: Enabled (Zero based)
 Heap Region Size: 2M
 Heap Min Capacity: 8M
 Heap Initial Capacity: 248M
 Heap Max Capacity: 3940M
 Pre-touch: Disabled
 Parallel Workers: 10
 Concurrent Workers: 3
 Concurrent Refinement Workers: 10
 Periodic GC: Disabled
Heap:
 garbage-first heap   total 88064K, used 38463K [0x0000000709c00000, 0x0000000800000000)
  region size 2048K, 3 young (6144K), 3 survivors (6144K)
 Metaspace       used 75267K, committed 75904K, reserved 1179648K
  class space    used 10114K, committed 10432K, reserved 1048576K
GC Heap History (20 events):
Event: 1.386 GC heap after
{Heap after GC invocations=2 (full 0):
 garbage-first heap   total 253952K, used 13752K [0x0000000709c00000, 0x0000000800000000)
  region size 2048K, 1 young (2048K), 1 survivors (2048K)
 Metaspace       used 9327K, committed 9536K, reserved 1114112K
  class space    used 1071K, committed 1152K, reserved 1048576K
}
Event: 4.753 GC heap before
{Heap before GC invocations=2 (full 0):
 garbage-first heap   total 253952K, used 67000K [0x0000000709c00000, 0x0000000800000000)
  region size 2048K, 27 young (55296K), 1 survivors (2048K)
 Metaspace       used 19834K, committed 20096K, reserved 1114112K
  class space    used 2372K, committed 2496K, reserved 1048576K
}
Event: 4.766 GC heap after
{Heap after GC invocations=3 (full 0):
 garbage-first heap   total 253952K, used 17977K [0x0000000709c00000, 0x0000000800000000)
  region size 2048K, 3 young (6144K), 3 survivors (6144K)
 Metaspace       used 19834K, committed 20096K, reserved 1114112K
  class space    used 2372K, committed 2496K, reserved 1048576K
}
Event: 5.253 GC heap before
{Heap before GC invocations=3 (full 0):
 garbage-first heap   total 253952K, used 24121K [0x0000000709c00000, 0x0000000800000000)
  region size 2048K, 7 young (14336K), 3 survivors (6144K)
 Metaspace       used 21247K, committed 21504K, reserved 1114112K
  class space    used 2565K, committed 2688K, reserved 1048576K
}
Event: 5.263 GC heap after
{Heap after GC invocations=4 (full 0):
 garbage-first heap   total 253952K, used 18837K [0x0000000709c00000, 0x0000000800000000)
  region size 2048K, 4 young (8192K), 4 survivors (8192K)
 Metaspace       used 21247K, committed 21504K, reserved 1114112K
  class space    used 2565K, committed 2688K, reserved 1048576K
}
Event: 14.571 GC heap before
{Heap before GC invocations=5 (full 0):
 garbage-first heap   total 75776K, used 74133K [0x0000000709c00000, 0x0000000800000000)
  region size 2048K, 31 young (63488K), 4 survivors (8192K)
 Metaspace       used 32582K, committed 32896K, reserved 1114112K
  class space    used 4144K, committed 4288K, reserved 1048576K
}
Event: 14.597 GC heap after
{Heap after GC invocations=6 (full 0):
 garbage-first heap   total 88064K, used 23056K [0x0000000709c00000, 0x0000000800000000)
  region size 2048K, 6 young (12288K), 6 survivors (12288K)
 Metaspace       used 32582K, committed 32896K, reserved 1114112K
  class space    used 4144K, committed 4288K, reserved 1048576K
}
Event: 14.983 GC heap before
{Heap before GC invocations=6 (full 0):
 garbage-first heap   total 88064K, used 41488K [0x0000000709c00000, 0x0000000800000000)
  region size 2048K, 16 young (32768K), 6 survivors (12288K)
 Metaspace       used 35676K, committed 35968K, reserved 1114112K
  class space    used 4543K, committed 4672K, reserved 1048576K
}
Event: 15.002 GC heap after
{Heap after GC invocations=7 (full 0):
 garbage-first heap   total 88064K, used 23637K [0x0000000709c00000, 0x0000000800000000)
  region size 2048K, 3 young (6144K), 3 survivors (6144K)
 Metaspace       used 35676K, committed 35968K, reserved 1114112K
  class space    used 4543K, committed 4672K, reserved 1048576K
}
Event: 15.044 GC heap before
{Heap before GC invocations=7 (full 0):
 garbage-first heap   total 88064K, used 23637K [0x0000000709c00000, 0x0000000800000000)
  region size 2048K, 4 young (8192K), 3 survivors (6144K)
 Metaspace       used 35919K, committed 36288K, reserved 1114112K
  class space    used 4563K, committed 4736K, reserved 1048576K
}
Event: 15.054 GC heap after
{Heap after GC invocations=8 (full 0):
 garbage-first heap   total 88064K, used 24062K [0x0000000709c00000, 0x0000000800000000)
  region size 2048K, 1 young (2048K), 1 survivors (2048K)
 Metaspace       used 35919K, committed 36288K, reserved 1114112K
  class space    used 4563K, committed 4736K, reserved 1048576K
}
Event: 17.222 GC heap before
{Heap before GC invocations=9 (full 0):
 garbage-first heap   total 88064K, used 71166K [0x0000000709c00000, 0x0000000800000000)
  region size 2048K, 24 young (49152K), 1 survivors (2048K)
 Metaspace       used 41325K, committed 41792K, reserved 1114112K
  class space    used 5271K, committed 5504K, reserved 1048576K
}
Event: 17.237 GC heap after
{Heap after GC invocations=10 (full 0):
 garbage-first heap   total 88064K, used 28106K [0x0000000709c00000, 0x0000000800000000)
  region size 2048K, 3 young (6144K), 3 survivors (6144K)
 Metaspace       used 41325K, committed 41792K, reserved 1114112K
  class space    used 5271K, committed 5504K, reserved 1048576K
}
Event: 19.766 GC heap before
{Heap before GC invocations=10 (full 0):
 garbage-first heap   total 88064K, used 73162K [0x0000000709c00000, 0x0000000800000000)
  region size 2048K, 25 young (51200K), 3 survivors (6144K)
 Metaspace       used 50345K, committed 50880K, reserved 1114112K
  class space    used 6628K, committed 6848K, reserved 1048576K
}
Event: 19.800 GC heap after
{Heap after GC invocations=11 (full 0):
 garbage-first heap   total 88064K, used 31536K [0x0000000709c00000, 0x0000000800000000)
  region size 2048K, 4 young (8192K), 4 survivors (8192K)
 Metaspace       used 50345K, committed 50880K, reserved 1114112K
  class space    used 6628K, committed 6848K, reserved 1048576K
}
Event: 21.631 GC heap before
{Heap before GC invocations=11 (full 0):
 garbage-first heap   total 88064K, used 66352K [0x0000000709c00000, 0x0000000800000000)
  region size 2048K, 23 young (47104K), 4 survivors (8192K)
 Metaspace       used 60219K, committed 60736K, reserved 1114112K
  class space    used 7861K, committed 8128K, reserved 1048576K
}
Event: 21.655 GC heap after
{Heap after GC invocations=12 (full 0):
 garbage-first heap   total 88064K, used 33530K [0x0000000709c00000, 0x0000000800000000)
  region size 2048K, 2 young (4096K), 2 survivors (4096K)
 Metaspace       used 60219K, committed 60736K, reserved 1114112K
  class space    used 7861K, committed 8128K, reserved 1048576K
}
Event: 23.288 GC heap before
{Heap before GC invocations=13 (full 0):
 garbage-first heap   total 88064K, used 72442K [0x0000000709c00000, 0x0000000800000000)
  region size 2048K, 21 young (43008K), 2 survivors (4096K)
 Metaspace       used 70156K, committed 70784K, reserved 1114112K
  class space    used 9431K, committed 9728K, reserved 1048576K
}
Event: 23.304 GC heap after
{Heap after GC invocations=14 (full 0):
 garbage-first heap   total 88064K, used 35951K [0x0000000709c00000, 0x0000000800000000)
  region size 2048K, 3 young (6144K), 3 survivors (6144K)
 Metaspace       used 70156K, committed 70784K, reserved 1114112K
  class space    used 9431K, committed 9728K, reserved 1048576K
}
Event: 24.811 GC heap before
{Heap before GC invocations=14 (full 0):
 garbage-first heap   total 88064K, used 72815K [0x0000000709c00000, 0x0000000800000000)
  region size 2048K, 21 young (43008K), 3 survivors (6144K)
 Metaspace       used 75267K, committed 75904K, reserved 1179648K
  class space    used 10114K, committed 10432K, reserved 1048576K
}

